-------------------------------------------------------------------------------
Test set: jpa.TestProduto
-------------------------------------------------------------------------------
Tests run: 1, Failures: 0, Errors: 1, Skipped: 0, Time elapsed: 4.346 sec <<< FAILURE!
ConsultarProduto(jpa.TestProduto)  Time elapsed: 0.026 sec  <<< ERROR!
Local Exception Stack: 
Exception [EclipseLink-44] (Eclipse Persistence Services - 3.0.2.v202107160933): org.eclipse.persistence.exceptions.DescriptorException
Exception Description: Missing class indicator field from database row [ArrayRecord(
	TB_PRODUTO.DISC_PRODUTO => null)].
Descriptor: RelationalDescriptor(com.ifpe.edu.br.projetorec.Produto --> [DatabaseTable(TB_PRODUTO)])
	at org.eclipse.persistence.exceptions.DescriptorException.missingClassIndicatorField(DescriptorException.java:951)
	at org.eclipse.persistence.descriptors.InheritancePolicy.classFromRow(InheritancePolicy.java:353)
	at org.eclipse.persistence.descriptors.InheritancePolicy.selectOneRowUsingDefaultMultipleTableSubclassRead(InheritancePolicy.java:1501)
	at org.eclipse.persistence.descriptors.InheritancePolicy.selectOneRowUsingMultipleTableSubclassRead(InheritancePolicy.java:1525)
	at org.eclipse.persistence.internal.queries.ExpressionQueryMechanism.selectOneRow(ExpressionQueryMechanism.java:2862)
	at org.eclipse.persistence.queries.ReadObjectQuery.executeObjectLevelReadQuery(ReadObjectQuery.java:563)
	at org.eclipse.persistence.queries.ObjectLevelReadQuery.executeDatabaseQuery(ObjectLevelReadQuery.java:1236)
	at org.eclipse.persistence.queries.DatabaseQuery.execute(DatabaseQuery.java:912)
	at org.eclipse.persistence.queries.ObjectLevelReadQuery.execute(ObjectLevelReadQuery.java:1195)
	at org.eclipse.persistence.queries.ReadObjectQuery.execute(ReadObjectQuery.java:448)
	at org.eclipse.persistence.queries.ObjectLevelReadQuery.executeInUnitOfWork(ObjectLevelReadQuery.java:1283)
	at org.eclipse.persistence.internal.sessions.UnitOfWorkImpl.internalExecuteQuery(UnitOfWorkImpl.java:3008)
	at org.eclipse.persistence.internal.sessions.AbstractSession.executeQuery(AbstractSession.java:1844)
	at org.eclipse.persistence.internal.sessions.AbstractSession.executeQuery(AbstractSession.java:1826)
	at org.eclipse.persistence.internal.sessions.AbstractSession.executeQuery(AbstractSession.java:1776)
	at org.eclipse.persistence.internal.jpa.EntityManagerImpl.executeQuery(EntityManagerImpl.java:1012)
	at org.eclipse.persistence.internal.jpa.EntityManagerImpl.findInternal(EntityManagerImpl.java:954)
	at org.eclipse.persistence.internal.jpa.EntityManagerImpl.find(EntityManagerImpl.java:830)
	at org.eclipse.persistence.internal.jpa.EntityManagerImpl.find(EntityManagerImpl.java:696)
	at jpa.TestProduto.ConsultarProduto(TestProduto.java:47)
	at java.base/jdk.internal.reflect.NativeMethodAccessorImpl.invoke0(Native Method)
	at java.base/jdk.internal.reflect.NativeMethodAccessorImpl.invoke(NativeMethodAccessorImpl.java:77)
	at java.base/jdk.internal.reflect.DelegatingMethodAccessorImpl.invoke(DelegatingMethodAccessorImpl.java:43)
	at java.base/java.lang.reflect.Method.invoke(Method.java:568)
	at org.junit.runners.model.FrameworkMethod$1.runReflectiveCall(FrameworkMethod.java:59)
	at org.junit.internal.runners.model.ReflectiveCallable.run(ReflectiveCallable.java:12)
	at org.junit.runners.model.FrameworkMethod.invokeExplosively(FrameworkMethod.java:56)
	at org.junit.internal.runners.statements.InvokeMethod.evaluate(InvokeMethod.java:17)
	at org.junit.internal.runners.statements.RunBefores.evaluate(RunBefores.java:26)
	at org.junit.internal.runners.statements.RunAfters.evaluate(RunAfters.java:27)
	at org.junit.runners.ParentRunner$3.evaluate(ParentRunner.java:306)
	at org.junit.runners.BlockJUnit4ClassRunner$1.evaluate(BlockJUnit4ClassRunner.java:100)
	at org.junit.runners.ParentRunner.runLeaf(ParentRunner.java:366)
	at org.junit.runners.BlockJUnit4ClassRunner.runChild(BlockJUnit4ClassRunner.java:103)
	at org.junit.runners.BlockJUnit4ClassRunner.runChild(BlockJUnit4ClassRunner.java:63)
	at org.junit.runners.ParentRunner$4.run(ParentRunner.java:331)
	at org.junit.runners.ParentRunner$1.schedule(ParentRunner.java:79)
	at org.junit.runners.ParentRunner.runChildren(ParentRunner.java:329)
	at org.junit.runners.ParentRunner.access$100(ParentRunner.java:66)
	at org.junit.runners.ParentRunner$2.evaluate(ParentRunner.java:293)
	at org.junit.internal.runners.statements.RunBefores.evaluate(RunBefores.java:26)
	at org.junit.internal.runners.statements.RunAfters.evaluate(RunAfters.java:27)
	at org.junit.runners.ParentRunner$3.evaluate(ParentRunner.java:306)
	at org.junit.runners.ParentRunner.run(ParentRunner.java:413)
	at org.apache.maven.surefire.junit4.JUnit4Provider.execute(JUnit4Provider.java:252)
	at org.apache.maven.surefire.junit4.JUnit4Provider.executeTestSet(JUnit4Provider.java:141)
	at org.apache.maven.surefire.junit4.JUnit4Provider.invoke(JUnit4Provider.java:112)
	at java.base/jdk.internal.reflect.NativeMethodAccessorImpl.invoke0(Native Method)
	at java.base/jdk.internal.reflect.NativeMethodAccessorImpl.invoke(NativeMethodAccessorImpl.java:77)
	at java.base/jdk.internal.reflect.DelegatingMethodAccessorImpl.invoke(DelegatingMethodAccessorImpl.java:43)
	at java.base/java.lang.reflect.Method.invoke(Method.java:568)
	at org.apache.maven.surefire.util.ReflectionUtils.invokeMethodWithArray(ReflectionUtils.java:189)
	at org.apache.maven.surefire.booter.ProviderFactory$ProviderProxy.invoke(ProviderFactory.java:165)
	at org.apache.maven.surefire.booter.ProviderFactory.invokeProvider(ProviderFactory.java:85)
	at org.apache.maven.surefire.booter.ForkedBooter.runSuitesInProcess(ForkedBooter.java:115)
	at org.apache.maven.surefire.booter.ForkedBooter.main(ForkedBooter.java:75)

