<?xml version="1.0" encoding="UTF-8" ?>
<testsuite tests="1" failures="0" name="jpa.TestProduto" time="0.026" errors="1" skipped="0">
  <properties>
[...]
</properties>
  <testcase classname="jpa.TestProduto" name="ConsultarProduto" time="0.026">
    <error message="
Exception Description: Missing class indicator field from database row [ArrayRecord(
	TB_PRODUTO.DISC_PRODUTO =&gt; null)].
Descriptor: RelationalDescriptor(com.ifpe.edu.br.projetorec.Produto --&gt; [DatabaseTable(TB_PRODUTO)])" type="Local Exception Stack">Local Exception Stack: 
Exception [EclipseLink-44] (Eclipse Persistence Services - 3.0.2.v202107160933): org.eclipse.persistence.exceptions.DescriptorException
Exception Description: Missing class indicator field from database row [ArrayRecord(
	TB_PRODUTO.DISC_PRODUTO =&gt; null)].
Descriptor: RelationalDescriptor(com.ifpe.edu.br.projetorec.Produto --&gt; [DatabaseTable(TB_PRODUTO)])
	at org.eclipse.persistence.exceptions.DescriptorException.missingClassIndicatorField(DescriptorException.java:951)
	at org.eclipse.persistence.descriptors.InheritancePolicy.classFromRow(InheritancePolicy.java:353)
	at org.eclipse.persistence.descriptors.InheritancePolicy.selectOneRowUsingDefaultMultipleTableSubclassRead(InheritancePolicy.java:1501)
	at org.eclipse.persistence.descriptors.InheritancePolicy.selectOneRowUsingMultipleTableSubclassRead(InheritancePolicy.java:1525)
	at org.eclipse.persistence.internal.queries.ExpressionQueryMechanism.selectOneRow(ExpressionQueryMechanism.java:2862)
	at org.eclipse.persistence.queries.ReadObjectQuery.executeObjectLevelReadQuery(ReadObjectQuery.java:563)
	at org.eclipse.persistence.queries.ObjectLevelReadQuery.executeDatabaseQuery(ObjectLevelReadQuery.java:1236)
	at org.eclipse.persistence.queries.DatabaseQuery.execute(DatabaseQuery.java:912)
	at org.eclipse.persistence.queries.ObjectLevelReadQuery.execute(ObjectLevelReadQuery.java:1195)
	at org.eclipse.persistence.queries.ReadObjectQuery.execute(ReadObjectQuery.java:448)
	at org.eclipse.persistence.queries.ObjectLevelReadQuery.executeInUnitOfWork(ObjectLevelReadQuery.java:1283)
	at org.eclipse.persistence.internal.sessions.UnitOfWorkImpl.internalExecuteQuery(UnitOfWorkImpl.java:3008)
	at org.eclipse.persistence.internal.sessions.AbstractSession.executeQuery(AbstractSession.java:1844)
	at org.eclipse.persistence.internal.sessions.AbstractSession.executeQuery(AbstractSession.java:1826)
	at org.eclipse.persistence.internal.sessions.AbstractSession.executeQuery(AbstractSession.java:1776)
	at org.eclipse.persistence.internal.jpa.EntityManagerImpl.executeQuery(EntityManagerImpl.java:1012)
	at org.eclipse.persistence.internal.jpa.EntityManagerImpl.findInternal(EntityManagerImpl.java:954)
	at org.eclipse.persistence.internal.jpa.EntityManagerImpl.find(EntityManagerImpl.java:830)
	at org.eclipse.persistence.internal.jpa.EntityManagerImpl.find(EntityManagerImpl.java:696)
	at jpa.TestProduto.ConsultarProduto(TestProduto.java:47)
	at java.base/jdk.internal.reflect.NativeMethodAccessorImpl.invoke0(Native Method)
	at java.base/jdk.internal.reflect.NativeMethodAccessorImpl.invoke(NativeMethodAccessorImpl.java:77)
	at java.base/jdk.internal.reflect.DelegatingMethodAccessorImpl.invoke(DelegatingMethodAccessorImpl.java:43)
	at java.base/java.lang.reflect.Method.invoke(Method.java:568)
	at org.junit.runners.model.FrameworkMethod$1.runReflectiveCall(FrameworkMethod.java:59)
	at org.junit.internal.runners.model.ReflectiveCallable.run(ReflectiveCallable.java:12)
	at org.junit.runners.model.FrameworkMethod.invokeExplosively(FrameworkMethod.java:56)
	at org.junit.internal.runners.statements.InvokeMethod.evaluate(InvokeMethod.java:17)
	at org.junit.internal.runners.statements.RunBefores.evaluate(RunBefores.java:26)
	at org.junit.internal.runners.statements.RunAfters.evaluate(RunAfters.java:27)
	at org.junit.runners.ParentRunner$3.evaluate(ParentRunner.java:306)
	at org.junit.runners.BlockJUnit4ClassRunner$1.evaluate(BlockJUnit4ClassRunner.java:100)
	at org.junit.runners.ParentRunner.runLeaf(ParentRunner.java:366)
	at org.junit.runners.BlockJUnit4ClassRunner.runChild(BlockJUnit4ClassRunner.java:103)
	at org.junit.runners.BlockJUnit4ClassRunner.runChild(BlockJUnit4ClassRunner.java:63)
	at org.junit.runners.ParentRunner$4.run(ParentRunner.java:331)
	at org.junit.runners.ParentRunner$1.schedule(ParentRunner.java:79)
	at org.junit.runners.ParentRunner.runChildren(ParentRunner.java:329)
	at org.junit.runners.ParentRunner.access$100(ParentRunner.java:66)
	at org.junit.runners.ParentRunner$2.evaluate(ParentRunner.java:293)
	at org.junit.internal.runners.statements.RunBefores.evaluate(RunBefores.java:26)
	at org.junit.internal.runners.statements.RunAfters.evaluate(RunAfters.java:27)
	at org.junit.runners.ParentRunner$3.evaluate(ParentRunner.java:306)
	at org.junit.runners.ParentRunner.run(ParentRunner.java:413)
	at org.apache.maven.surefire.junit4.JUnit4Provider.execute(JUnit4Provider.java:252)
	at org.apache.maven.surefire.junit4.JUnit4Provider.executeTestSet(JUnit4Provider.java:141)
	at org.apache.maven.surefire.junit4.JUnit4Provider.invoke(JUnit4Provider.java:112)
	at java.base/jdk.internal.reflect.NativeMethodAccessorImpl.invoke0(Native Method)
	at java.base/jdk.internal.reflect.NativeMethodAccessorImpl.invoke(NativeMethodAccessorImpl.java:77)
	at java.base/jdk.internal.reflect.DelegatingMethodAccessorImpl.invoke(DelegatingMethodAccessorImpl.java:43)
	at java.base/java.lang.reflect.Method.invoke(Method.java:568)
	at org.apache.maven.surefire.util.ReflectionUtils.invokeMethodWithArray(ReflectionUtils.java:189)
	at org.apache.maven.surefire.booter.ProviderFactory$ProviderProxy.invoke(ProviderFactory.java:165)
	at org.apache.maven.surefire.booter.ProviderFactory.invokeProvider(ProviderFactory.java:85)
	at org.apache.maven.surefire.booter.ForkedBooter.runSuitesInProcess(ForkedBooter.java:115)
	at org.apache.maven.surefire.booter.ForkedBooter.main(ForkedBooter.java:75)
</error>
    <system-out>[EL Fine]: server: 2022-12-25 23:38:01.666--Thread(Thread[main,5,main])--Configured server platform: org.eclipse.persistence.platform.server.NoServerPlatform
[EL Config]: metadata: 2022-12-25 23:38:01.741--ServerSession(422396878)--Thread(Thread[main,5,main])--The access type for the persistent class [class com.ifpe.edu.br.projetorec.Venda] is set to [FIELD].
[EL Config]: metadata: 2022-12-25 23:38:01.75--ServerSession(422396878)--Thread(Thread[main,5,main])--The target entity (reference) class for the many to one mapping element [field cliente] is being defaulted to: class com.ifpe.edu.br.projetorec.Cliente.
[EL Config]: metadata: 2022-12-25 23:38:01.753--ServerSession(422396878)--Thread(Thread[main,5,main])--The target entity (reference) class for the many to many mapping element [field produtos] is being defaulted to: class com.ifpe.edu.br.projetorec.Produto.
[EL Config]: metadata: 2022-12-25 23:38:01.755--ServerSession(422396878)--Thread(Thread[main,5,main])--The target entity (reference) class for the many to one mapping element [field loja] is being defaulted to: class com.ifpe.edu.br.projetorec.Loja.
[EL Config]: metadata: 2022-12-25 23:38:01.756--ServerSession(422396878)--Thread(Thread[main,5,main])--The access type for the persistent class [class com.ifpe.edu.br.projetorec.Loja] is set to [FIELD].
[EL Config]: metadata: 2022-12-25 23:38:01.757--ServerSession(422396878)--Thread(Thread[main,5,main])--The target entity (reference) class for the many to many mapping element [field produtos] is being defaulted to: class com.ifpe.edu.br.projetorec.Produto.
[EL Config]: metadata: 2022-12-25 23:38:01.757--ServerSession(422396878)--Thread(Thread[main,5,main])--The target entity (reference) class for the one to many mapping element [field vendas] is being defaulted to: class com.ifpe.edu.br.projetorec.Venda.
[EL Config]: metadata: 2022-12-25 23:38:01.758--ServerSession(422396878)--Thread(Thread[main,5,main])--The access type for the persistent class [class com.ifpe.edu.br.projetorec.Produto] is set to [FIELD].
[EL Config]: metadata: 2022-12-25 23:38:01.758--ServerSession(422396878)--Thread(Thread[main,5,main])--The target entity (reference) class for the many to many mapping element [field vendas] is being defaulted to: class com.ifpe.edu.br.projetorec.Venda.
[EL Config]: metadata: 2022-12-25 23:38:01.759--ServerSession(422396878)--Thread(Thread[main,5,main])--The target entity (reference) class for the many to many mapping element [field lojas] is being defaulted to: class com.ifpe.edu.br.projetorec.Loja.
[EL Config]: metadata: 2022-12-25 23:38:01.759--ServerSession(422396878)--Thread(Thread[main,5,main])--The access type for the persistent class [class com.ifpe.edu.br.projetorec.Doce] is set to [FIELD].
[EL Config]: metadata: 2022-12-25 23:38:01.759--ServerSession(422396878)--Thread(Thread[main,5,main])--The access type for the persistent class [class com.ifpe.edu.br.projetorec.Cliente] is set to [FIELD].
[EL Config]: metadata: 2022-12-25 23:38:01.759--ServerSession(422396878)--Thread(Thread[main,5,main])--The target entity (reference) class for the one to one mapping element [field cartao] is being defaulted to: class com.ifpe.edu.br.projetorec.CartaoCredito.
[EL Config]: metadata: 2022-12-25 23:38:01.761--ServerSession(422396878)--Thread(Thread[main,5,main])--The target class (reference) class for the element collection mapping element [field contatos] is being defaulted to: class java.lang.String.
[EL Config]: metadata: 2022-12-25 23:38:01.761--ServerSession(422396878)--Thread(Thread[main,5,main])--The target entity (reference) class for the one to many mapping element [field vendas] is being defaulted to: class com.ifpe.edu.br.projetorec.Venda.
[EL Config]: metadata: 2022-12-25 23:38:01.762--ServerSession(422396878)--Thread(Thread[main,5,main])--The access type for the persistent class [class com.ifpe.edu.br.projetorec.CartaoCredito] is set to [FIELD].
[EL Config]: metadata: 2022-12-25 23:38:01.762--ServerSession(422396878)--Thread(Thread[main,5,main])--The target entity (reference) class for the one to one mapping element [field dono] is being defaulted to: class com.ifpe.edu.br.projetorec.Cliente.
[EL Config]: metadata: 2022-12-25 23:38:01.762--ServerSession(422396878)--Thread(Thread[main,5,main])--The access type for the persistent class [class com.ifpe.edu.br.projetorec.Salgado] is set to [FIELD].
[EL Config]: metadata: 2022-12-25 23:38:01.762--ServerSession(422396878)--Thread(Thread[main,5,main])--The access type for the persistent class [class com.ifpe.edu.br.projetorec.Endereco] is set to [FIELD].
[EL Config]: metadata: 2022-12-25 23:38:01.763--ServerSession(422396878)--Thread(Thread[main,5,main])--The alias name for the entity class [class com.ifpe.edu.br.projetorec.Venda] is being defaulted to: Venda.
[EL Config]: metadata: 2022-12-25 23:38:01.772--ServerSession(422396878)--Thread(Thread[main,5,main])--The column name for element [id] is being defaulted to: ID.
[EL Config]: metadata: 2022-12-25 23:38:01.772--ServerSession(422396878)--Thread(Thread[main,5,main])--The alias name for the entity class [class com.ifpe.edu.br.projetorec.Loja] is being defaulted to: Loja.
[EL Config]: metadata: 2022-12-25 23:38:01.773--ServerSession(422396878)--Thread(Thread[main,5,main])--The column name for element [id] is being defaulted to: ID.
[EL Config]: metadata: 2022-12-25 23:38:01.773--ServerSession(422396878)--Thread(Thread[main,5,main])--The alias name for the entity class [class com.ifpe.edu.br.projetorec.Doce] is being defaulted to: Doce.
[EL Config]: metadata: 2022-12-25 23:38:01.773--ServerSession(422396878)--Thread(Thread[main,5,main])--The alias name for the entity class [class com.ifpe.edu.br.projetorec.Produto] is being defaulted to: Produto.
[EL Config]: metadata: 2022-12-25 23:38:01.774--ServerSession(422396878)--Thread(Thread[main,5,main])--The column name for element [id] is being defaulted to: ID.
[EL Config]: metadata: 2022-12-25 23:38:01.775--ServerSession(422396878)--Thread(Thread[main,5,main])--The alias name for the entity class [class com.ifpe.edu.br.projetorec.Cliente] is being defaulted to: Cliente.
[EL Config]: metadata: 2022-12-25 23:38:01.775--ServerSession(422396878)--Thread(Thread[main,5,main])--The column name for element [id] is being defaulted to: ID.
[EL Config]: metadata: 2022-12-25 23:38:01.775--ServerSession(422396878)--Thread(Thread[main,5,main])--The alias name for the entity class [class com.ifpe.edu.br.projetorec.CartaoCredito] is being defaulted to: CartaoCredito.
[EL Config]: metadata: 2022-12-25 23:38:01.776--ServerSession(422396878)--Thread(Thread[main,5,main])--The column name for element [id] is being defaulted to: ID.
[EL Config]: metadata: 2022-12-25 23:38:01.776--ServerSession(422396878)--Thread(Thread[main,5,main])--The alias name for the entity class [class com.ifpe.edu.br.projetorec.Salgado] is being defaulted to: Salgado.
[EL Config]: metadata: 2022-12-25 23:38:01.784--ServerSession(422396878)--Thread(Thread[main,5,main])--The primary key column name for the mapping element [field contatos] is being defaulted to: ID.
[EL Fine]: metadata: 2022-12-25 23:38:01.785--Thread(Thread[main,5,main])--java.lang.ClassNotFoundException: java.util.Collectionjava.lang.String
[EL Config]: metadata: 2022-12-25 23:38:01.789--ServerSession(422396878)--Thread(Thread[main,5,main])--The source primary key column name for the many to many mapping [field produtos] is being defaulted to: ID.
[EL Config]: metadata: 2022-12-25 23:38:01.789--ServerSession(422396878)--Thread(Thread[main,5,main])--The target primary key column name for the many to many mapping [field produtos] is being defaulted to: ID.
[EL Config]: metadata: 2022-12-25 23:38:01.79--ServerSession(422396878)--Thread(Thread[main,5,main])--The source primary key column name for the many to many mapping [field produtos] is being defaulted to: ID.
[EL Config]: metadata: 2022-12-25 23:38:01.79--ServerSession(422396878)--Thread(Thread[main,5,main])--The target primary key column name for the many to many mapping [field produtos] is being defaulted to: ID.
[EL Info]: 2022-12-25 23:38:01.854--ServerSession(422396878)--Thread(Thread[main,5,main])--EclipseLink, version: Eclipse Persistence Services - 3.0.2.v202107160933
[EL Fine]: connection: 2022-12-25 23:38:01.857--ServerSession(422396878)--Connection(120478350)--Thread(Thread[main,5,main])--connecting(DatabaseLogin(
	platform=&gt;DerbyPlatform
	user name=&gt; &quot;root&quot;
	datasource URL=&gt; &quot;jdbc:derby://localhost:1527/LANCHE;create=true&quot;
))
[EL Config]: connection: 2022-12-25 23:38:01.908--ServerSession(422396878)--Connection(308433917)--Thread(Thread[main,5,main])--Connected: jdbc:derby://localhost:1527/LANCHE;create=true
	User: root
	Database: Apache Derby  Version: 10.14.2.0 - (1828579)
	Driver: Apache Derby Network Client JDBC Driver  Version: 10.14.2.0 - (1828579)
[EL Warning]: metadata: 2022-12-25 23:38:01.912--ServerSession(422396878)--Thread(Thread[main,5,main])--Reverting the lazy setting on the OneToOne or ManyToOne attribute [dono] for the entity class [class com.ifpe.edu.br.projetorec.CartaoCredito] since weaving was not enabled or did not occur.
[EL Warning]: metadata: 2022-12-25 23:38:01.92--ServerSession(422396878)--Thread(Thread[main,5,main])--Reverting the lazy setting on the OneToOne or ManyToOne attribute [cartao] for the entity class [class com.ifpe.edu.br.projetorec.Cliente] since weaving was not enabled or did not occur.
[EL Warning]: metadata: 2022-12-25 23:38:01.92--ServerSession(422396878)--Thread(Thread[main,5,main])--Reverting the lazy setting on the OneToOne or ManyToOne attribute [cliente] for the entity class [class com.ifpe.edu.br.projetorec.Venda] since weaving was not enabled or did not occur.
[EL Warning]: metadata: 2022-12-25 23:38:01.92--ServerSession(422396878)--Thread(Thread[main,5,main])--Reverting the lazy setting on the OneToOne or ManyToOne attribute [loja] for the entity class [class com.ifpe.edu.br.projetorec.Venda] since weaving was not enabled or did not occur.
[EL Fine]: connection: 2022-12-25 23:38:01.932--ServerSession(422396878)--Thread(Thread[main,5,main])--/file:/D:/Documentos/RecuperacaoCORP/target/classes/_lanchePU login successful
[EL Fine]: sql: 2022-12-25 23:38:01.942--ServerSession(422396878)--Connection(308433917)--Thread(Thread[main,5,main])--ALTER TABLE TB_VENDA DROP CONSTRAINT TB_VENDAID_CLIENTE
[EL Fine]: sql: 2022-12-25 23:38:02.004--ServerSession(422396878)--Connection(308433917)--Thread(Thread[main,5,main])--ALTER TABLE TB_VENDA DROP CONSTRAINT TB_VENDA_ID_LOJA
[EL Fine]: sql: 2022-12-25 23:38:02.045--ServerSession(422396878)--Connection(308433917)--Thread(Thread[main,5,main])--ALTER TABLE TB_DOCE DROP CONSTRAINT TB_DOCE_ID_PRODUTO
[EL Fine]: sql: 2022-12-25 23:38:02.047--ServerSession(422396878)--Connection(308433917)--Thread(Thread[main,5,main])--ALTER TABLE TB_CARTAOCREDITO DROP CONSTRAINT TBCRTCREDITODCLNTE
[EL Fine]: sql: 2022-12-25 23:38:02.089--ServerSession(422396878)--Connection(308433917)--Thread(Thread[main,5,main])--ALTER TABLE TB_SALGADO DROP CONSTRAINT TBSALGADOIDPRODUTO
[EL Fine]: sql: 2022-12-25 23:38:02.092--ServerSession(422396878)--Connection(308433917)--Thread(Thread[main,5,main])--ALTER TABLE TB_VENDA_PRODUTO DROP CONSTRAINT TBVNDAPRODUTODVNDA
[EL Fine]: sql: 2022-12-25 23:38:02.164--ServerSession(422396878)--Connection(308433917)--Thread(Thread[main,5,main])--ALTER TABLE TB_VENDA_PRODUTO DROP CONSTRAINT TBVNDPRODUTODPRDTO
[EL Fine]: sql: 2022-12-25 23:38:02.21--ServerSession(422396878)--Connection(308433917)--Thread(Thread[main,5,main])--ALTER TABLE TB_LOJA_PRODUTO DROP CONSTRAINT TBLOJAPRODUTODLOJA
[EL Fine]: sql: 2022-12-25 23:38:02.254--ServerSession(422396878)--Connection(308433917)--Thread(Thread[main,5,main])--ALTER TABLE TB_LOJA_PRODUTO DROP CONSTRAINT TBLJPRODUTODPRDUTO
[EL Fine]: sql: 2022-12-25 23:38:02.293--ServerSession(422396878)--Connection(308433917)--Thread(Thread[main,5,main])--ALTER TABLE TB_CONTATOS DROP CONSTRAINT TBCONTATOSDCLIENTE
[EL Fine]: sql: 2022-12-25 23:38:02.338--ServerSession(422396878)--Connection(308433917)--Thread(Thread[main,5,main])--DROP TABLE TB_VENDA
[EL Fine]: sql: 2022-12-25 23:38:02.432--ServerSession(422396878)--Connection(308433917)--Thread(Thread[main,5,main])--DROP TABLE TB_LOJA
[EL Fine]: sql: 2022-12-25 23:38:02.561--ServerSession(422396878)--Connection(308433917)--Thread(Thread[main,5,main])--DROP TABLE TB_PRODUTO
[EL Fine]: sql: 2022-12-25 23:38:02.643--ServerSession(422396878)--Connection(308433917)--Thread(Thread[main,5,main])--DROP TABLE TB_DOCE
[EL Fine]: sql: 2022-12-25 23:38:02.735--ServerSession(422396878)--Connection(308433917)--Thread(Thread[main,5,main])--DROP TABLE TB_CLIENTE
[EL Fine]: sql: 2022-12-25 23:38:02.846--ServerSession(422396878)--Connection(308433917)--Thread(Thread[main,5,main])--DROP TABLE TB_CARTAOCREDITO
[EL Fine]: sql: 2022-12-25 23:38:02.915--ServerSession(422396878)--Connection(308433917)--Thread(Thread[main,5,main])--DROP TABLE TB_SALGADO
[EL Fine]: sql: 2022-12-25 23:38:02.996--ServerSession(422396878)--Connection(308433917)--Thread(Thread[main,5,main])--DROP TABLE TB_VENDA_PRODUTO
[EL Fine]: sql: 2022-12-25 23:38:03.077--ServerSession(422396878)--Connection(308433917)--Thread(Thread[main,5,main])--DROP TABLE TB_LOJA_PRODUTO
[EL Fine]: sql: 2022-12-25 23:38:03.162--ServerSession(422396878)--Connection(308433917)--Thread(Thread[main,5,main])--DROP TABLE TB_CONTATOS
[EL Fine]: sql: 2022-12-25 23:38:03.279--ServerSession(422396878)--Connection(308433917)--Thread(Thread[main,5,main])--CREATE TABLE TB_VENDA (ID BIGINT GENERATED BY DEFAULT AS IDENTITY NOT NULL, TXT_TIPO_PAGAMENTO VARCHAR(20) NOT NULL, TXT_VALOR FLOAT NOT NULL, ID_CLIENTE BIGINT, ID_LOJA BIGINT, PRIMARY KEY (ID))
[EL Fine]: sql: 2022-12-25 23:38:03.437--ServerSession(422396878)--Connection(308433917)--Thread(Thread[main,5,main])--CREATE TABLE TB_LOJA (ID BIGINT GENERATED BY DEFAULT AS IDENTITY NOT NULL, TXT_CNPJ VARCHAR(18) NOT NULL UNIQUE, DT_NASCIMENTO DATE, TXT_EMAIL VARCHAR(50) NOT NULL, TXT_NOME VARCHAR(255) NOT NULL, PRIMARY KEY (ID))
[EL Fine]: sql: 2022-12-25 23:38:03.671--ServerSession(422396878)--Connection(308433917)--Thread(Thread[main,5,main])--CREATE TABLE TB_PRODUTO (ID BIGINT GENERATED BY DEFAULT AS IDENTITY NOT NULL, DISC_PRODUTO VARCHAR(1), TXT_NOME VARCHAR(50) NOT NULL, TXT_PRECO FLOAT NOT NULL, TXT_TIPO VARCHAR(50) NOT NULL, PRIMARY KEY (ID))
[EL Fine]: sql: 2022-12-25 23:38:03.813--ServerSession(422396878)--Connection(308433917)--Thread(Thread[main,5,main])--CREATE TABLE TB_DOCE (ID_PRODUTO BIGINT NOT NULL, TXT_DATAFABRICACAO DATE, TXT_DESCRICAO VARCHAR(50), PRIMARY KEY (ID_PRODUTO))
[EL Fine]: sql: 2022-12-25 23:38:03.938--ServerSession(422396878)--Connection(308433917)--Thread(Thread[main,5,main])--CREATE TABLE TB_CLIENTE (ID BIGINT GENERATED BY DEFAULT AS IDENTITY NOT NULL, TXT_CPF VARCHAR(14) NOT NULL UNIQUE, DT_NASCIMENTO DATE, TXT_EMAIL VARCHAR(50) NOT NULL, TXT_NOME VARCHAR(255) NOT NULL, END_TXT_BAIRRO VARCHAR(255) NOT NULL, END_TXT_CEP VARCHAR(255) NOT NULL, END_TXT_CIDADE VARCHAR(255) NOT NULL, END_NUMERO VARCHAR(255) NOT NULL, PRIMARY KEY (ID))
[EL Fine]: sql: 2022-12-25 23:38:04.162--ServerSession(422396878)--Connection(308433917)--Thread(Thread[main,5,main])--CREATE TABLE TB_CARTAOCREDITO (ID BIGINT GENERATED BY DEFAULT AS IDENTITY NOT NULL, TXT_BANDEIRA VARCHAR(100) NOT NULL, DT_EXPIRACAO DATE NOT NULL, TXT_NUMERO VARCHAR(30) NOT NULL, ID_CLIENTE BIGINT, PRIMARY KEY (ID))
[EL Fine]: sql: 2022-12-25 23:38:04.289--ServerSession(422396878)--Connection(308433917)--Thread(Thread[main,5,main])--CREATE TABLE TB_SALGADO (ID_PRODUTO BIGINT NOT NULL, TXT_DATAFABRICACAO DATE, TXT_DESCRICAO VARCHAR(50), PRIMARY KEY (ID_PRODUTO))
[EL Fine]: sql: 2022-12-25 23:38:04.563--ServerSession(422396878)--Connection(308433917)--Thread(Thread[main,5,main])--CREATE TABLE TB_VENDA_PRODUTO (ID_VENDA BIGINT NOT NULL, ID_PRODUTO BIGINT NOT NULL, PRIMARY KEY (ID_VENDA, ID_PRODUTO))
[EL Fine]: sql: 2022-12-25 23:38:04.772--ServerSession(422396878)--Connection(308433917)--Thread(Thread[main,5,main])--CREATE TABLE TB_LOJA_PRODUTO (ID_LOJA BIGINT NOT NULL, ID_PRODUTO BIGINT NOT NULL, PRIMARY KEY (ID_LOJA, ID_PRODUTO))
[EL Fine]: sql: 2022-12-25 23:38:04.989--ServerSession(422396878)--Connection(308433917)--Thread(Thread[main,5,main])--CREATE TABLE TB_CONTATOS (ID_CLIENTE BIGINT NOT NULL, TXT_NUM_CONTATOS VARCHAR(20) NOT NULL)
[EL Fine]: sql: 2022-12-25 23:38:05.054--ServerSession(422396878)--Connection(308433917)--Thread(Thread[main,5,main])--ALTER TABLE TB_VENDA ADD CONSTRAINT TB_VENDAID_CLIENTE FOREIGN KEY (ID_CLIENTE) REFERENCES TB_CLIENTE (ID)
[EL Fine]: sql: 2022-12-25 23:38:05.134--ServerSession(422396878)--Connection(308433917)--Thread(Thread[main,5,main])--ALTER TABLE TB_VENDA ADD CONSTRAINT TB_VENDA_ID_LOJA FOREIGN KEY (ID_LOJA) REFERENCES TB_LOJA (ID)
[EL Fine]: sql: 2022-12-25 23:38:05.246--ServerSession(422396878)--Connection(308433917)--Thread(Thread[main,5,main])--ALTER TABLE TB_DOCE ADD CONSTRAINT TB_DOCE_ID_PRODUTO FOREIGN KEY (ID_PRODUTO) REFERENCES TB_PRODUTO (ID)
[EL Fine]: sql: 2022-12-25 23:38:05.248--ServerSession(422396878)--Connection(308433917)--Thread(Thread[main,5,main])--ALTER TABLE TB_CARTAOCREDITO ADD CONSTRAINT TBCRTCREDITODCLNTE FOREIGN KEY (ID_CLIENTE) REFERENCES TB_CLIENTE (ID)
[EL Fine]: sql: 2022-12-25 23:38:05.312--ServerSession(422396878)--Connection(308433917)--Thread(Thread[main,5,main])--ALTER TABLE TB_SALGADO ADD CONSTRAINT TBSALGADOIDPRODUTO FOREIGN KEY (ID_PRODUTO) REFERENCES TB_PRODUTO (ID)
[EL Fine]: sql: 2022-12-25 23:38:05.314--ServerSession(422396878)--Connection(308433917)--Thread(Thread[main,5,main])--ALTER TABLE TB_VENDA_PRODUTO ADD CONSTRAINT TBVNDAPRODUTODVNDA FOREIGN KEY (ID_VENDA) REFERENCES TB_VENDA (ID)
[EL Fine]: sql: 2022-12-25 23:38:05.388--ServerSession(422396878)--Connection(308433917)--Thread(Thread[main,5,main])--ALTER TABLE TB_VENDA_PRODUTO ADD CONSTRAINT TBVNDPRODUTODPRDTO FOREIGN KEY (ID_PRODUTO) REFERENCES TB_PRODUTO (ID)
[EL Fine]: sql: 2022-12-25 23:38:05.479--ServerSession(422396878)--Connection(308433917)--Thread(Thread[main,5,main])--ALTER TABLE TB_LOJA_PRODUTO ADD CONSTRAINT TBLOJAPRODUTODLOJA FOREIGN KEY (ID_LOJA) REFERENCES TB_LOJA (ID)
[EL Fine]: sql: 2022-12-25 23:38:05.545--ServerSession(422396878)--Connection(308433917)--Thread(Thread[main,5,main])--ALTER TABLE TB_LOJA_PRODUTO ADD CONSTRAINT TBLJPRODUTODPRDUTO FOREIGN KEY (ID_PRODUTO) REFERENCES TB_PRODUTO (ID)
[EL Fine]: sql: 2022-12-25 23:38:05.612--ServerSession(422396878)--Connection(308433917)--Thread(Thread[main,5,main])--ALTER TABLE TB_CONTATOS ADD CONSTRAINT TBCONTATOSDCLIENTE FOREIGN KEY (ID_CLIENTE) REFERENCES TB_CLIENTE (ID)
[EL Fine]: sql: 2022-12-25 23:38:05.813--ServerSession(422396878)--Connection(308433917)--Thread(Thread[main,5,main])--SELECT DISTINCT DISC_PRODUTO FROM TB_PRODUTO WHERE (ID = ?)
	bind =&gt; [1]
[EL Warning]: 2022-12-25 23:38:05.818--UnitOfWork(1504937617)--Thread(Thread[main,5,main])--Exception [EclipseLink-44] (Eclipse Persistence Services - 3.0.2.v202107160933): org.eclipse.persistence.exceptions.DescriptorException
Exception Description: Missing class indicator field from database row [ArrayRecord(
	TB_PRODUTO.DISC_PRODUTO =&gt; null)].
Descriptor: RelationalDescriptor(com.ifpe.edu.br.projetorec.Produto --&gt; [DatabaseTable(TB_PRODUTO)])
</system-out>
    <system-err>SLF4J: Failed to load class &quot;org.slf4j.impl.StaticLoggerBinder&quot;.
SLF4J: Defaulting to no-operation (NOP) logger implementation
SLF4J: See http://www.slf4j.org/codes.html#StaticLoggerBinder for further details.
</system-err>
  </testcase>
</testsuite>